# JRE version: OpenJDK Runtime Environment Temurin-17.0.13+11 (17.0.13+11) (build 17.0.13+11)
# Java VM: OpenJDK 64-Bit Server VM Temurin-17.0.13+11 (17.0.13+11, mixed mode, tiered, compressed oops, compressed class ptrs, g1 gc, windows-amd64)
GC Precious Log:
 CPUs: 2 total, 2 available
 Memory: 3460M
 Large Page Support: Disabled
 NUMA Support: Disabled
 Compressed Oops: Enabled (32-bit)
 Heap Region Size: 1M
 Heap Min Capacity: 8M
 Heap Initial Capacity: 56M
 Heap Max Capacity: 866M
 Pre-touch: Disabled
 Parallel Workers: 2
 Concurrent Workers: 1
 Concurrent Refinement Workers: 2
 Periodic GC: Disabled
Heap:
 garbage-first heap   total 40960K, used 26898K [0x00000000c9e00000, 0x0000000100000000)
  region size 1024K, 12 young (12288K), 2 survivors (2048K)
 Metaspace       used 35041K, committed 35456K, reserved 1114112K
  class space    used 4349K, committed 4544K, reserved 1048576K
GC Heap History (20 events):
Event: 3.955 GC heap before
{Heap before GC invocations=1 (full 0):
 garbage-first heap   total 57344K, used 7767K [0x00000000c9e00000, 0x0000000100000000)
  region size 1024K, 4 young (4096K), 1 survivors (1024K)
 Metaspace       used 6470K, committed 6592K, reserved 1114112K
  class space    used 592K, committed 640K, reserved 1048576K
}
Event: 3.958 GC heap after
{Heap after GC invocations=2 (full 0):
 garbage-first heap   total 57344K, used 6849K [0x00000000c9e00000, 0x0000000100000000)
  region size 1024K, 1 young (1024K), 1 survivors (1024K)
 Metaspace       used 6470K, committed 6592K, reserved 1114112K
  class space    used 592K, committed 640K, reserved 1048576K
}
Event: 6.055 GC heap before
{Heap before GC invocations=2 (full 0):
 garbage-first heap   total 57344K, used 14017K [0x00000000c9e00000, 0x0000000100000000)
  region size 1024K, 8 young (8192K), 1 survivors (1024K)
 Metaspace       used 10039K, committed 10176K, reserved 1114112K
  class space    used 1033K, committed 1088K, reserved 1048576K
}
Event: 6.059 GC heap after
{Heap after GC invocations=3 (full 0):
 garbage-first heap   total 57344K, used 7988K [0x00000000c9e00000, 0x0000000100000000)
  region size 1024K, 1 young (1024K), 1 survivors (1024K)
 Metaspace       used 10039K, committed 10176K, reserved 1114112K
  class space    used 1033K, committed 1088K, reserved 1048576K
}
Event: 11.063 GC heap before
{Heap before GC invocations=3 (full 0):
 garbage-first heap   total 57344K, used 29492K [0x00000000c9e00000, 0x0000000100000000)
  region size 1024K, 22 young (22528K), 1 survivors (1024K)
 Metaspace       used 15184K, committed 15424K, reserved 1114112K
  class space    used 1692K, committed 1792K, reserved 1048576K
}
Event: 11.070 GC heap after
{Heap after GC invocations=4 (full 0):
 garbage-first heap   total 57344K, used 9408K [0x00000000c9e00000, 0x0000000100000000)
  region size 1024K, 3 young (3072K), 3 survivors (3072K)
 Metaspace       used 15184K, committed 15424K, reserved 1114112K
  class space    used 1692K, committed 1792K, reserved 1048576K
}
Event: 15.159 GC heap before
{Heap before GC invocations=4 (full 0):
 garbage-first heap   total 57344K, used 28864K [0x00000000c9e00000, 0x0000000100000000)
  region size 1024K, 24 young (24576K), 3 survivors (3072K)
 Metaspace       used 21263K, committed 21504K, reserved 1114112K
  class space    used 2425K, committed 2560K, reserved 1048576K
}
Event: 15.177 GC heap after
{Heap after GC invocations=5 (full 0):
 garbage-first heap   total 57344K, used 11009K [0x00000000c9e00000, 0x0000000100000000)
  region size 1024K, 3 young (3072K), 3 survivors (3072K)
 Metaspace       used 21263K, committed 21504K, reserved 1114112K
  class space    used 2425K, committed 2560K, reserved 1048576K
}
Event: 19.502 GC heap before
{Heap before GC invocations=6 (full 0):
 garbage-first heap   total 40960K, used 30465K [0x00000000c9e00000, 0x0000000100000000)
  region size 1024K, 24 young (24576K), 3 survivors (3072K)
 Metaspace       used 25566K, committed 25792K, reserved 1114112K
  class space    used 3009K, committed 3136K, reserved 1048576K
}
Event: 19.515 GC heap after
{Heap after GC invocations=7 (full 0):
 garbage-first heap   total 40960K, used 13582K [0x00000000c9e00000, 0x0000000100000000)
  region size 1024K, 3 young (3072K), 3 survivors (3072K)
 Metaspace       used 25566K, committed 25792K, reserved 1114112K
  class space    used 3009K, committed 3136K, reserved 1048576K
}
Event: 19.587 GC heap before
{Heap before GC invocations=7 (full 0):
 garbage-first heap   total 40960K, used 13582K [0x00000000c9e00000, 0x0000000100000000)
  region size 1024K, 4 young (4096K), 3 survivors (3072K)
 Metaspace       used 25798K, committed 26048K, reserved 1114112K
  class space    used 3027K, committed 3136K, reserved 1048576K
}
Event: 19.594 GC heap after
{Heap after GC invocations=8 (full 0):
 garbage-first heap   total 40960K, used 14044K [0x00000000c9e00000, 0x0000000100000000)
  region size 1024K, 1 young (1024K), 1 survivors (1024K)
 Metaspace       used 25798K, committed 26048K, reserved 1114112K
  class space    used 3027K, committed 3136K, reserved 1048576K
}
Event: 35.680 GC heap before
{Heap before GC invocations=8 (full 0):
 garbage-first heap   total 40960K, used 27356K [0x00000000c9e00000, 0x0000000100000000)
  region size 1024K, 15 young (15360K), 1 survivors (1024K)
 Metaspace       used 27139K, committed 27392K, reserved 1114112K
  class space    used 3170K, committed 3264K, reserved 1048576K
}
Event: 35.696 GC heap after
{Heap after GC invocations=9 (full 0):
 garbage-first heap   total 40960K, used 14894K [0x00000000c9e00000, 0x0000000100000000)
  region size 1024K, 2 young (2048K), 2 survivors (2048K)
 Metaspace       used 27139K, committed 27392K, reserved 1114112K
  class space    used 3170K, committed 3264K, reserved 1048576K
}
Event: 44.241 GC heap before
{Heap before GC invocations=9 (full 0):
 garbage-first heap   total 40960K, used 29230K [0x00000000c9e00000, 0x0000000100000000)
  region size 1024K, 16 young (16384K), 2 survivors (2048K)
 Metaspace       used 28591K, committed 28800K, reserved 1114112K
  class space    used 3351K, committed 3456K, reserved 1048576K
}
Event: 44.254 GC heap after
{Heap after GC invocations=10 (full 0):
 garbage-first heap   total 40960K, used 16025K [0x00000000c9e00000, 0x0000000100000000)
  region size 1024K, 2 young (2048K), 2 survivors (2048K)
 Metaspace       used 28591K, committed 28800K, reserved 1114112K
  class space    used 3351K, committed 3456K, reserved 1048576K
}
Event: 51.302 GC heap before
{Heap before GC invocations=10 (full 0):
 garbage-first heap   total 40960K, used 30361K [0x00000000c9e00000, 0x0000000100000000)
  region size 1024K, 16 young (16384K), 2 survivors (2048K)
 Metaspace       used 31154K, committed 31424K, reserved 1114112K
  class space    used 3791K, committed 3904K, reserved 1048576K
}
Event: 51.310 GC heap after
{Heap after GC invocations=11 (full 0):
 garbage-first heap   total 40960K, used 16744K [0x00000000c9e00000, 0x0000000100000000)
  region size 1024K, 2 young (2048K), 2 survivors (2048K)
 Metaspace       used 31154K, committed 31424K, reserved 1114112K
  class space    used 3791K, committed 3904K, reserved 1048576K
}
Event: 56.758 GC heap before
{Heap before GC invocations=11 (full 0):
 garbage-first heap   total 40960K, used 31080K [0x00000000c9e00000, 0x0000000100000000)
  region size 1024K, 16 young (16384K), 2 survivors (2048K)
 Metaspace       used 33134K, committed 33536K, reserved 1114112K
  class space    used 4081K, committed 4288K, reserved 1048576K
}
Event: 56.771 GC heap after
{Heap after GC invocations=12 (full 0):
 garbage-first heap   total 40960K, used 17682K [0x00000000c9e00000, 0x0000000100000000)
  region size 1024K, 2 young (2048K), 2 survivors (2048K)
 Metaspace       used 33134K, committed 33536K, reserved 1114112K
  class space    used 4081K, committed 4288K, reserved 1048576K
}

